{"meta": {"format": 3, "version": "7.15.2", "timestamp": "2026-07-18T14:22:38.373534", "branch_coverage": false, "show_contexts": false}, "files": {"ultralytics\\nn\\modules\\moa\\__init__.py": {"executed_lines": [11, 13], "summary": {"covered_lines": 2, "num_statements": 2, "percent_covered": 100.0, "percent_covered_display": "100", "missing_lines": 0, "excluded_lines": 0, "percent_statements_covered": 100.0, "percent_statements_covered_display": "100"}, "missing_lines": [], "excluded_lines": [], "functions": {"": {"executed_lines": [11, 13], "summary": {"covered_lines": 2, "num_statements": 2, "percent_covered": 100.0, "percent_covered_display": "100", "missing_lines": 0, "excluded_lines": 0, "percent_statements_covered": 100.0, "percent_statements_covered_display": "100"}, "missing_lines": [], "excluded_lines": [], "start_line": 1}}, "classes": {"": {"executed_lines": [11, 13], "summary": {"covered_lines": 2, "num_statements": 2, "percent_covered": 100.0, "percent_covered_display": "100", "missing_lines": 0, "excluded_lines": 0, "percent_statements_covered": 100.0, "percent_statements_covered_display": "100"}, "missing_lines": [], "excluded_lines": [], "start_line": 1}}}, "ultralytics\\nn\\modules\\moa\\moa.py": {"executed_lines": [28, 30, 31, 33, 34, 35, 36, 37, 39, 40, 48, 54, 55, 56, 57, 58, 65, 70, 73, 76, 82, 83, 84, 85, 86, 91, 94, 97, 98, 99, 100, 101, 102, 103, 104, 106, 107, 108, 111, 121, 122, 123, 125, 126, 128, 129, 130, 131, 132, 133, 134, 136, 137, 138, 140, 141, 142, 143, 144, 146, 147, 154, 161, 163, 164, 165, 166, 167, 169, 170, 171, 173, 174, 175, 177, 178, 179, 180, 182, 183, 184, 187, 190, 191, 193, 197, 198, 201, 215, 217, 218, 219, 220, 223, 224, 225, 227, 231, 232, 233, 234, 236, 237, 238, 239, 244, 245, 247, 248, 249, 250, 251, 255, 259, 260, 261, 263, 265, 266, 267, 270, 285, 287, 289, 291, 292, 293, 294, 295, 297, 298, 299, 300, 309, 310, 311, 312, 313, 314, 320, 322, 324, 326, 327, 330, 331, 333, 339, 340, 341, 342, 346, 347, 350, 351, 352, 355, 358, 359, 363, 365, 367, 369, 372, 373, 374, 375, 376, 378, 379, 381, 382, 384, 386, 387, 389, 390, 391, 392, 393, 395, 397, 398, 405, 412, 414, 415, 416, 417, 424, 425, 427, 432, 433, 434, 435, 436, 437, 440, 447, 449, 450, 451, 452, 461, 462, 464, 466, 467, 469, 470, 471, 473, 474, 475, 476, 479, 481, 483, 490, 517, 519, 532, 533, 534, 537, 538, 539, 540, 543, 544, 545, 546, 549, 552, 553, 559, 560, 563, 564, 568, 569, 570, 571, 573, 575, 576, 579, 580, 582, 584, 585, 587, 589, 590, 592, 594, 595, 597, 598, 600, 601, 603, 608, 609, 612, 613, 614, 616, 617, 620, 621, 622, 630, 631, 632, 635, 639, 640, 641, 643, 644, 645, 646, 647, 654, 655, 656, 658, 659, 661, 668, 691, 704, 705, 706, 707, 710, 711, 712, 713, 714, 715, 716, 723, 724, 725, 726, 727, 728, 733, 735, 745, 746, 748, 749, 750, 751, 752, 753, 754, 755, 756, 757, 760, 761, 762, 763, 764, 765, 775, 778, 779, 780, 782, 783, 784, 786, 787, 788, 790, 795, 796, 798, 799, 801, 811, 836, 845, 846, 847, 848, 849, 850, 851, 852, 855, 857, 860, 863, 866, 867, 870, 872, 874, 875, 877, 879, 880, 882, 883, 884, 885, 888, 891, 892, 893, 894, 895, 897, 898, 899, 903, 904, 905, 908, 909, 910, 912, 913, 914, 915, 918, 919, 920, 928, 932, 934, 935, 937, 940, 941, 942, 944, 945, 946, 948, 949, 950, 952, 955, 956, 958, 959, 961, 971, 978, 979, 980, 983, 985, 986, 987, 988, 989, 990, 993, 1001, 1004], "summary": {"covered_lines": 429, "num_statements": 450, "percent_covered": 95.33333333333333, "percent_covered_display": "95", "missing_lines": 21, "excluded_lines": 0, "percent_statements_covered": 95.33333333333333, "percent_statements_covered_display": "95"}, "missing_lines": [256, 257, 315, 318, 319, 453, 454, 457, 458, 459, 465, 482, 604, 606, 773, 791, 802, 804, 953, 962, 964], "excluded_lines": [], "functions": {"_init_conv_weights": {"executed_lines": [54, 55, 56, 57, 58], "summary": {"covered_lines": 5, "num_statements": 5, "percent_covered": 100.0, "percent_covered_display": "100", "missing_lines": 0, "excluded_lines": 0, "percent_statements_covered": 100.0, "percent_statements_covered_display": "100"}, "missing_lines": [], "excluded_lines": [], "start_line": 48}, "_fp_min": {"executed_lines": [82, 83, 84, 85, 86], "summary": {"covered_lines": 5, "num_statements": 5, "percent_covered": 100.0, "percent_covered_display": "100", "missing_lines": 0, "excluded_lines": 0, "percent_statements_covered": 100.0, "percent_statements_covered_display": "100"}, "missing_lines": [], "excluded_lines": [], "start_line": 76}, "_flash_attn": {"executed_lines": [97, 98, 99, 100, 101, 102, 103, 104, 106, 107, 108], "summary": {"covered_lines": 11, "num_statements": 11, "percent_covered": 100.0, "percent_covered_display": "100", "missing_lines": 0, "excluded_lines": 0, "percent_statements_covered": 100.0, "percent_statements_covered_display": "100"}, "missing_lines": [], "excluded_lines": [], "start_line": 94}, "_window_flash_attn": {"executed_lines": [121, 122, 123, 125, 128, 129, 130, 131, 132, 133, 134, 136, 140, 146, 147], "summary": {"covered_lines": 15, "num_statements": 15, "percent_covered": 100.0, "percent_covered_display": "100", "missing_lines": 0, "excluded_lines": 0, "percent_statements_covered": 100.0, "percent_statements_covered_display": "100"}, "missing_lines": [], "excluded_lines": [], "start_line": 111}, "_window_flash_attn.to_spatial": {"executed_lines": [126], "summary": {"covered_lines": 1, "num_statements": 1, "percent_covered": 100.0, "percent_covered_display": "100", "missing_lines": 0, "excluded_lines": 0, "percent_statements_covered": 100.0, "percent_statements_covered_display": "100"}, "missing_lines": [], "excluded_lines": [], "start_line": 125}, "_window_flash_attn.partition": {"executed_lines": [137, 138], "summary": {"covered_lines": 2, "num_statements": 2, "percent_covered": 100.0, "percent_covered_display": "100", "missing_lines": 0, "excluded_lines": 0, "percent_statements_covered": 100.0, "percent_statements_covered_display": "100"}, "missing_lines": [], "excluded_lines": [], "start_line": 136}, "_window_flash_attn.reverse": {"executed_lines": [141, 142, 143, 144], "summary": {"covered_lines": 4, "num_statements": 4, "percent_covered": 100.0, "percent_covered_display": "100", "missing_lines": 0, "excluded_lines": 0, "percent_statements_covered": 100.0, "percent_statements_covered_display": "100"}, "missing_lines": [], "excluded_lines": [], "start_line": 140}, "_LocalAttnHead.__init__": {"executed_lines": [163, 164, 165, 166, 167, 169, 170, 171, 173, 174, 175], "summary": {"covered_lines": 11, "num_statements": 11, "percent_covered": 100.0, "percent_covered_display": "100", "missing_lines": 0, "excluded_lines": 0, "percent_statements_covered": 100.0, "percent_statements_covered_display": "100"}, "missing_lines": [], "excluded_lines": [], "start_line": 161}, "_LocalAttnHead.forward": {"executed_lines": [178, 179, 180, 182, 183, 184, 187, 190, 193, 197, 198], "summary": {"covered_lines": 11, "num_statements": 11, "percent_covered": 100.0, "percent_covered_display": "100", "missing_lines": 0, "excluded_lines": 0, "percent_statements_covered": 100.0, "percent_statements_covered_display": "100"}, "missing_lines": [], "excluded_lines": [], "start_line": 177}, "_LocalAttnHead.forward.to_heads": {"executed_lines": [191], "summary": {"covered_lines": 1, "num_statements": 1, "percent_covered": 100.0, "percent_covered_display": "100", "missing_lines": 0, "excluded_lines": 0, "percent_statements_covered": 100.0, "percent_statements_covered_display": "100"}, "missing_lines": [], "excluded_lines": [], "start_line": 190}, "_RegionalAttnHead.__init__": {"executed_lines": [217, 218, 219, 220, 223, 224, 225, 227, 231, 232, 233, 234], "summary": {"covered_lines": 12, "num_statements": 12, "percent_covered": 100.0, "percent_covered_display": "100", "missing_lines": 0, "excluded_lines": 0, "percent_statements_covered": 100.0, "percent_statements_covered_display": "100"}, "missing_lines": [], "excluded_lines": [], "start_line": 215}, "_RegionalAttnHead.forward": {"executed_lines": [237, 238, 239, 244, 245, 247, 248, 249, 250, 251, 255, 259, 260, 261, 263, 265, 266, 267], "summary": {"covered_lines": 18, "num_statements": 20, "percent_covered": 90.0, "percent_covered_display": "90", "missing_lines": 2, "excluded_lines": 0, "percent_statements_covered": 90.0, "percent_statements_covered_display": "90"}, "missing_lines": [256, 257], "excluded_lines": [], "start_line": 236}, "_GlobalAttnHead.__init__": {"executed_lines": [291, 292, 293, 294, 295, 297, 298, 299, 300, 309, 310, 311, 312, 313, 314, 320], "summary": {"covered_lines": 16, "num_statements": 19, "percent_covered": 84.21052631578948, "percent_covered_display": "84", "missing_lines": 3, "excluded_lines": 0, "percent_statements_covered": 84.21052631578948, "percent_statements_covered_display": "84"}, "missing_lines": [315, 318, 319], "excluded_lines": [], "start_line": 289}, "_GlobalAttnHead._get_rf": {"executed_lines": [324], "summary": {"covered_lines": 1, "num_statements": 1, "percent_covered": 100.0, "percent_covered_display": "100", "missing_lines": 0, "excluded_lines": 0, "percent_statements_covered": 100.0, "percent_statements_covered_display": "100"}, "missing_lines": [], "excluded_lines": [], "start_line": 322}, "_GlobalAttnHead._relu_kernel": {"executed_lines": [330, 331], "summary": {"covered_lines": 2, "num_statements": 2, "percent_covered": 100.0, "percent_covered_display": "100", "missing_lines": 0, "excluded_lines": 0, "percent_statements_covered": 100.0, "percent_statements_covered_display": "100"}, "missing_lines": [], "excluded_lines": [], "start_line": 327}, "_GlobalAttnHead._linear_attn": {"executed_lines": [339, 340, 341, 342, 346, 347, 350, 351, 352, 355, 358, 359, 363, 365, 367, 369], "summary": {"covered_lines": 16, "num_statements": 16, "percent_covered": 100.0, "percent_covered_display": "100", "missing_lines": 0, "excluded_lines": 0, "percent_statements_covered": 100.0, "percent_statements_covered_display": "100"}, "missing_lines": [], "excluded_lines": [], "start_line": 333}, "_GlobalAttnHead.forward": {"executed_lines": [373, 374, 375, 376, 378, 379, 381, 384, 386, 387, 389, 390, 391, 392, 393, 395, 397, 398], "summary": {"covered_lines": 18, "num_statements": 18, "percent_covered": 100.0, "percent_covered_display": "100", "missing_lines": 0, "excluded_lines": 0, "percent_statements_covered": 100.0, "percent_statements_covered_display": "100"}, "missing_lines": [], "excluded_lines": [], "start_line": 372}, "_GlobalAttnHead.forward.to_heads": {"executed_lines": [382], "summary": {"covered_lines": 1, "num_statements": 1, "percent_covered": 100.0, "percent_covered_display": "100", "missing_lines": 0, "excluded_lines": 0, "percent_statements_covered": 100.0, "percent_statements_covered_display": "100"}, "missing_lines": [], "excluded_lines": [], "start_line": 381}, "_MoARouter.__init__": {"executed_lines": [414, 415, 416, 417, 424, 425], "summary": {"covered_lines": 6, "num_statements": 6, "percent_covered": 100.0, "percent_covered_display": "100", "missing_lines": 0, "excluded_lines": 0, "percent_statements_covered": 100.0, "percent_statements_covered_display": "100"}, "missing_lines": [], "excluded_lines": [], "start_line": 412}, "_MoARouter.forward": {"executed_lines": [432, 433, 434, 435, 436, 437], "summary": {"covered_lines": 6, "num_statements": 6, "percent_covered": 100.0, "percent_covered_display": "100", "missing_lines": 0, "excluded_lines": 0, "percent_statements_covered": 100.0, "percent_statements_covered_display": "100"}, "missing_lines": [], "excluded_lines": [], "start_line": 427}, "_moa_router_aux_loss": {"executed_lines": [447, 449, 450, 451, 452, 461, 462, 464, 466, 467, 469, 470, 471, 473, 474, 475, 476, 479, 481, 483], "summary": {"covered_lines": 20, "num_statements": 27, "percent_covered": 74.07407407407408, "percent_covered_display": "74", "missing_lines": 7, "excluded_lines": 0, "percent_statements_covered": 74.07407407407408, "percent_statements_covered_display": "74"}, "missing_lines": [453, 454, 457, 458, 459, 465, 482], "excluded_lines": [], "start_line": 440}, "MoABlock.__init__": {"executed_lines": [532, 533, 534, 537, 538, 539, 540, 543, 544, 545, 546, 549, 552, 553, 559, 560, 563, 564, 568, 569, 570, 571, 573], "summary": {"covered_lines": 23, "num_statements": 23, "percent_covered": 100.0, "percent_covered_display": "100", "missing_lines": 0, "excluded_lines": 0, "percent_statements_covered": 100.0, "percent_statements_covered_display": "100"}, "missing_lines": [], "excluded_lines": [], "start_line": 519}, "MoABlock._init_weights": {"executed_lines": [576], "summary": {"covered_lines": 1, "num_statements": 1, "percent_covered": 100.0, "percent_covered_display": "100", "missing_lines": 0, "excluded_lines": 0, "percent_statements_covered": 100.0, "percent_statements_covered_display": "100"}, "missing_lines": [], "excluded_lines": [], "start_line": 575}, "MoABlock.num_experts": {"executed_lines": [582], "summary": {"covered_lines": 1, "num_statements": 1, "percent_covered": 100.0, "percent_covered_display": "100", "missing_lines": 0, "excluded_lines": 0, "percent_statements_covered": 100.0, "percent_statements_covered_display": "100"}, "missing_lines": [], "excluded_lines": [], "start_line": 580}, "MoABlock.top_k": {"executed_lines": [587], "summary": {"covered_lines": 1, "num_statements": 1, "percent_covered": 100.0, "percent_covered_display": "100", "missing_lines": 0, "excluded_lines": 0, "percent_statements_covered": 100.0, "percent_statements_covered_display": "100"}, "missing_lines": [], "excluded_lines": [], "start_line": 585}, "MoABlock.aux_loss": {"executed_lines": [592], "summary": {"covered_lines": 1, "num_statements": 1, "percent_covered": 100.0, "percent_covered_display": "100", "missing_lines": 0, "excluded_lines": 0, "percent_statements_covered": 100.0, "percent_statements_covered_display": "100"}, "missing_lines": [], "excluded_lines": [], "start_line": 590}, "MoABlock.publish_aux_loss": {"executed_lines": [595], "summary": {"covered_lines": 1, "num_statements": 1, "percent_covered": 100.0, "percent_covered_display": "100", "missing_lines": 0, "excluded_lines": 0, "percent_statements_covered": 100.0, "percent_statements_covered_display": "100"}, "missing_lines": [], "excluded_lines": [], "start_line": 594}, "MoABlock.routing_snapshot": {"executed_lines": [598], "summary": {"covered_lines": 1, "num_statements": 1, "percent_covered": 100.0, "percent_covered_display": "100", "missing_lines": 0, "excluded_lines": 0, "percent_statements_covered": 100.0, "percent_statements_covered_display": "100"}, "missing_lines": [], "excluded_lines": [], "start_line": 597}, "MoABlock.export_capabilities": {"executed_lines": [601], "summary": {"covered_lines": 1, "num_statements": 1, "percent_covered": 100.0, "percent_covered_display": "100", "missing_lines": 0, "excluded_lines": 0, "percent_statements_covered": 100.0, "percent_statements_covered_display": "100"}, "missing_lines": [], "excluded_lines": [], "start_line": 600}, "MoABlock.__deepcopy__": {"executed_lines": [], "summary": {"covered_lines": 0, "num_statements": 2, "percent_covered": 0.0, "percent_covered_display": "0", "missing_lines": 2, "excluded_lines": 0, "percent_statements_covered": 0.0, "percent_statements_covered_display": "0"}, "missing_lines": [604, 606], "excluded_lines": [], "start_line": 603}, "MoABlock.forward": {"executed_lines": [609, 612, 613, 614, 616, 617, 620, 621, 622, 630, 631, 632, 635, 639, 640, 641, 643, 644, 645, 646, 647, 654, 655, 656, 658, 659, 661], "summary": {"covered_lines": 27, "num_statements": 27, "percent_covered": 100.0, "percent_covered_display": "100", "missing_lines": 0, "excluded_lines": 0, "percent_statements_covered": 100.0, "percent_statements_covered_display": "100"}, "missing_lines": [], "excluded_lines": [], "start_line": 608}, "C2fMoA.__init__": {"executed_lines": [704, 705, 706, 707, 710, 711, 712, 713, 714, 715, 716, 723, 724, 725, 726, 727, 728, 733, 735, 745, 746], "summary": {"covered_lines": 21, "num_statements": 21, "percent_covered": 100.0, "percent_covered_display": "100", "missing_lines": 0, "excluded_lines": 0, "percent_statements_covered": 100.0, "percent_statements_covered_display": "100"}, "missing_lines": [], "excluded_lines": [], "start_line": 691}, "C2fMoA.forward": {"executed_lines": [749, 750, 751, 752, 753, 754, 755, 756, 757, 760, 761, 762, 763, 764, 765, 775], "summary": {"covered_lines": 16, "num_statements": 17, "percent_covered": 94.11764705882354, "percent_covered_display": "94", "missing_lines": 1, "excluded_lines": 0, "percent_statements_covered": 94.11764705882354, "percent_statements_covered_display": "94"}, "missing_lines": [773], "excluded_lines": [], "start_line": 748}, "C2fMoA.num_experts": {"executed_lines": [780], "summary": {"covered_lines": 1, "num_statements": 1, "percent_covered": 100.0, "percent_covered_display": "100", "missing_lines": 0, "excluded_lines": 0, "percent_statements_covered": 100.0, "percent_statements_covered_display": "100"}, "missing_lines": [], "excluded_lines": [], "start_line": 779}, "C2fMoA.top_k": {"executed_lines": [784], "summary": {"covered_lines": 1, "num_statements": 1, "percent_covered": 100.0, "percent_covered_display": "100", "missing_lines": 0, "excluded_lines": 0, "percent_statements_covered": 100.0, "percent_statements_covered_display": "100"}, "missing_lines": [], "excluded_lines": [], "start_line": 783}, "C2fMoA.aux_loss": {"executed_lines": [788], "summary": {"covered_lines": 1, "num_statements": 1, "percent_covered": 100.0, "percent_covered_display": "100", "missing_lines": 0, "excluded_lines": 0, "percent_statements_covered": 100.0, "percent_statements_covered_display": "100"}, "missing_lines": [], "excluded_lines": [], "start_line": 787}, "C2fMoA.publish_aux_loss": {"executed_lines": [], "summary": {"covered_lines": 0, "num_statements": 1, "percent_covered": 0.0, "percent_covered_display": "0", "missing_lines": 1, "excluded_lines": 0, "percent_statements_covered": 0.0, "percent_statements_covered_display": "0"}, "missing_lines": [791], "excluded_lines": [], "start_line": 790}, "C2fMoA.routing_snapshot": {"executed_lines": [796], "summary": {"covered_lines": 1, "num_statements": 1, "percent_covered": 100.0, "percent_covered_display": "100", "missing_lines": 0, "excluded_lines": 0, "percent_statements_covered": 100.0, "percent_statements_covered_display": "100"}, "missing_lines": [], "excluded_lines": [], "start_line": 795}, "C2fMoA.export_capabilities": {"executed_lines": [799], "summary": {"covered_lines": 1, "num_statements": 1, "percent_covered": 100.0, "percent_covered_display": "100", "missing_lines": 0, "excluded_lines": 0, "percent_statements_covered": 100.0, "percent_statements_covered_display": "100"}, "missing_lines": [], "excluded_lines": [], "start_line": 798}, "C2fMoA.__deepcopy__": {"executed_lines": [], "summary": {"covered_lines": 0, "num_statements": 2, "percent_covered": 0.0, "percent_covered_display": "0", "missing_lines": 2, "excluded_lines": 0, "percent_statements_covered": 0.0, "percent_statements_covered_display": "0"}, "missing_lines": [802, 804], "excluded_lines": [], "start_line": 801}, "NeckMoAFusion.__init__": {"executed_lines": [845, 846, 847, 848, 849, 850, 851, 852, 855, 857, 860, 863, 866, 867, 870, 872, 874, 875, 877], "summary": {"covered_lines": 19, "num_statements": 19, "percent_covered": 100.0, "percent_covered_display": "100", "missing_lines": 0, "excluded_lines": 0, "percent_statements_covered": 100.0, "percent_statements_covered_display": "100"}, "missing_lines": [], "excluded_lines": [], "start_line": 836}, "NeckMoAFusion._init_weights": {"executed_lines": [880], "summary": {"covered_lines": 1, "num_statements": 1, "percent_covered": 100.0, "percent_covered_display": "100", "missing_lines": 0, "excluded_lines": 0, "percent_statements_covered": 100.0, "percent_statements_covered_display": "100"}, "missing_lines": [], "excluded_lines": [], "start_line": 879}, "NeckMoAFusion.forward": {"executed_lines": [883, 884, 885, 888, 891, 892, 893, 894, 895, 897, 898, 899, 903, 904, 905, 908, 909, 910, 912, 913, 914, 915, 918, 919, 920, 928, 932, 934, 935, 937], "summary": {"covered_lines": 30, "num_statements": 30, "percent_covered": 100.0, "percent_covered_display": "100", "missing_lines": 0, "excluded_lines": 0, "percent_statements_covered": 100.0, "percent_statements_covered_display": "100"}, "missing_lines": [], "excluded_lines": [], "start_line": 882}, "NeckMoAFusion.num_experts": {"executed_lines": [942], "summary": {"covered_lines": 1, "num_statements": 1, "percent_covered": 100.0, "percent_covered_display": "100", "missing_lines": 0, "excluded_lines": 0, "percent_statements_covered": 100.0, "percent_statements_covered_display": "100"}, "missing_lines": [], "excluded_lines": [], "start_line": 941}, "NeckMoAFusion.top_k": {"executed_lines": [946], "summary": {"covered_lines": 1, "num_statements": 1, "percent_covered": 100.0, "percent_covered_display": "100", "missing_lines": 0, "excluded_lines": 0, "percent_statements_covered": 100.0, "percent_statements_covered_display": "100"}, "missing_lines": [], "excluded_lines": [], "start_line": 945}, "NeckMoAFusion.aux_loss": {"executed_lines": [950], "summary": {"covered_lines": 1, "num_statements": 1, "percent_covered": 100.0, "percent_covered_display": "100", "missing_lines": 0, "excluded_lines": 0, "percent_statements_covered": 100.0, "percent_statements_covered_display": "100"}, "missing_lines": [], "excluded_lines": [], "start_line": 949}, "NeckMoAFusion.publish_aux_loss": {"executed_lines": [], "summary": {"covered_lines": 0, "num_statements": 1, "percent_covered": 0.0, "percent_covered_display": "0", "missing_lines": 1, "excluded_lines": 0, "percent_statements_covered": 0.0, "percent_statements_covered_display": "0"}, "missing_lines": [953], "excluded_lines": [], "start_line": 952}, "NeckMoAFusion.routing_snapshot": {"executed_lines": [956], "summary": {"covered_lines": 1, "num_statements": 1, "percent_covered": 100.0, "percent_covered_display": "100", "missing_lines": 0, "excluded_lines": 0, "percent_statements_covered": 100.0, "percent_statements_covered_display": "100"}, "missing_lines": [], "excluded_lines": [], "start_line": 955}, "NeckMoAFusion.export_capabilities": {"executed_lines": [959], "summary": {"covered_lines": 1, "num_statements": 1, "percent_covered": 100.0, "percent_covered_display": "100", "missing_lines": 0, "excluded_lines": 0, "percent_statements_covered": 100.0, "percent_statements_covered_display": "100"}, "missing_lines": [], "excluded_lines": [], "start_line": 958}, "NeckMoAFusion.__deepcopy__": {"executed_lines": [], "summary": {"covered_lines": 0, "num_statements": 2, "percent_covered": 0.0, "percent_covered_display": "0", "missing_lines": 2, "excluded_lines": 0, "percent_statements_covered": 0.0, "percent_statements_covered_display": "0"}, "missing_lines": [962, 964], "excluded_lines": [], "start_line": 961}, "anneal_moa_temperature": {"executed_lines": [978, 979, 980], "summary": {"covered_lines": 3, "num_statements": 3, "percent_covered": 100.0, "percent_covered_display": "100", "missing_lines": 0, "excluded_lines": 0, "percent_statements_covered": 100.0, "percent_statements_covered_display": "100"}, "missing_lines": [], "excluded_lines": [], "start_line": 971}, "_aux_loss_device": {"executed_lines": [985, 986, 987, 988, 989, 990], "summary": {"covered_lines": 6, "num_statements": 6, "percent_covered": 100.0, "percent_covered_display": "100", "missing_lines": 0, "excluded_lines": 0, "percent_statements_covered": 100.0, "percent_statements_covered_display": "100"}, "missing_lines": [], "excluded_lines": [], "start_line": 983}, "collect_moa_aux_loss": {"executed_lines": [1001], "summary": {"covered_lines": 1, "num_statements": 1, "percent_covered": 100.0, "percent_covered_display": "100", "missing_lines": 0, "excluded_lines": 0, "percent_statements_covered": 100.0, "percent_statements_covered_display": "100"}, "missing_lines": [], "excluded_lines": [], "start_line": 993}, "": {"executed_lines": [28, 30, 31, 33, 34, 35, 36, 37, 39, 40, 48, 65, 70, 73, 76, 91, 94, 111, 154, 161, 177, 201, 215, 236, 270, 285, 287, 289, 322, 326, 327, 333, 372, 405, 412, 427, 440, 490, 517, 519, 575, 579, 580, 584, 585, 589, 590, 594, 597, 600, 603, 608, 668, 691, 748, 778, 779, 782, 783, 786, 787, 790, 795, 798, 801, 811, 836, 879, 882, 940, 941, 944, 945, 948, 949, 952, 955, 958, 961, 971, 983, 993, 1004], "summary": {"covered_lines": 83, "num_statements": 83, "percent_covered": 100.0, "percent_covered_display": "100", "missing_lines": 0, "excluded_lines": 0, "percent_statements_covered": 100.0, "percent_statements_covered_display": "100"}, "missing_lines": [], "excluded_lines": [], "start_line": 1}}, "classes": {"_LocalAttnHead": {"executed_lines": [163, 164, 165, 166, 167, 169, 170, 171, 173, 174, 175, 178, 179, 180, 182, 183, 184, 187, 190, 191, 193, 197, 198], "summary": {"covered_lines": 23, "num_statements": 23, "percent_covered": 100.0, "percent_covered_display": "100", "missing_lines": 0, "excluded_lines": 0, "percent_statements_covered": 100.0, "percent_statements_covered_display": "100"}, "missing_lines": [], "excluded_lines": [], "start_line": 154}, "_RegionalAttnHead": {"executed_lines": [217, 218, 219, 220, 223, 224, 225, 227, 231, 232, 233, 234, 237, 238, 239, 244, 245, 247, 248, 249, 250, 251, 255, 259, 260, 261, 263, 265, 266, 267], "summary": {"covered_lines": 30, "num_statements": 32, "percent_covered": 93.75, "percent_covered_display": "94", "missing_lines": 2, "excluded_lines": 0, "percent_statements_covered": 93.75, "percent_statements_covered_display": "94"}, "missing_lines": [256, 257], "excluded_lines": [], "start_line": 201}, "_GlobalAttnHead": {"executed_lines": [291, 292, 293, 294, 295, 297, 298, 299, 300, 309, 310, 311, 312, 313, 314, 320, 324, 330, 331, 339, 340, 341, 342, 346, 347, 350, 351, 352, 355, 358, 359, 363, 365, 367, 369, 373, 374, 375, 376, 378, 379, 381, 382, 384, 386, 387, 389, 390, 391, 392, 393, 395, 397, 398], "summary": {"covered_lines": 54, "num_statements": 57, "percent_covered": 94.73684210526316, "percent_covered_display": "95", "missing_lines": 3, "excluded_lines": 0, "percent_statements_covered": 94.73684210526316, "percent_statements_covered_display": "95"}, "missing_lines": [315, 318, 319], "excluded_lines": [], "start_line": 270}, "_MoARouter": {"executed_lines": [414, 415, 416, 417, 424, 425, 432, 433, 434, 435, 436, 437], "summary": {"covered_lines": 12, "num_statements": 12, "percent_covered": 100.0, "percent_covered_display": "100", "missing_lines": 0, "excluded_lines": 0, "percent_statements_covered": 100.0, "percent_statements_covered_display": "100"}, "missing_lines": [], "excluded_lines": [], "start_line": 405}, "MoABlock": {"executed_lines": [532, 533, 534, 537, 538, 539, 540, 543, 544, 545, 546, 549, 552, 553, 559, 560, 563, 564, 568, 569, 570, 571, 573, 576, 582, 587, 592, 595, 598, 601, 609, 612, 613, 614, 616, 617, 620, 621, 622, 630, 631, 632, 635, 639, 640, 641, 643, 644, 645, 646, 647, 654, 655, 656, 658, 659, 661], "summary": {"covered_lines": 57, "num_statements": 59, "percent_covered": 96.61016949152543, "percent_covered_display": "97", "missing_lines": 2, "excluded_lines": 0, "percent_statements_covered": 96.61016949152543, "percent_statements_covered_display": "97"}, "missing_lines": [604, 606], "excluded_lines": [], "start_line": 490}, "C2fMoA": {"executed_lines": [704, 705, 706, 707, 710, 711, 712, 713, 714, 715, 716, 723, 724, 725, 726, 727, 728, 733, 735, 745, 746, 749, 750, 751, 752, 753, 754, 755, 756, 757, 760, 761, 762, 763, 764, 765, 775, 780, 784, 788, 796, 799], "summary": {"covered_lines": 42, "num_statements": 46, "percent_covered": 91.30434782608695, "percent_covered_display": "91", "missing_lines": 4, "excluded_lines": 0, "percent_statements_covered": 91.30434782608695, "percent_statements_covered_display": "91"}, "missing_lines": [773, 791, 802, 804], "excluded_lines": [], "start_line": 668}, "NeckMoAFusion": {"executed_lines": [845, 846, 847, 848, 849, 850, 851, 852, 855, 857, 860, 863, 866, 867, 870, 872, 874, 875, 877, 880, 883, 884, 885, 888, 891, 892, 893, 894, 895, 897, 898, 899, 903, 904, 905, 908, 909, 910, 912, 913, 914, 915, 918, 919, 920, 928, 932, 934, 935, 937, 942, 946, 950, 956, 959], "summary": {"covered_lines": 55, "num_statements": 58, "percent_covered": 94.82758620689656, "percent_covered_display": "95", "missing_lines": 3, "excluded_lines": 0, "percent_statements_covered": 94.82758620689656, "percent_statements_covered_display": "95"}, "missing_lines": [953, 962, 964], "excluded_lines": [], "start_line": 811}, "": {"executed_lines": [28, 30, 31, 33, 34, 35, 36, 37, 39, 40, 48, 54, 55, 56, 57, 58, 65, 70, 73, 76, 82, 83, 84, 85, 86, 91, 94, 97, 98, 99, 100, 101, 102, 103, 104, 106, 107, 108, 111, 121, 122, 123, 125, 126, 128, 129, 130, 131, 132, 133, 134, 136, 137, 138, 140, 141, 142, 143, 144, 146, 147, 154, 161, 177, 201, 215, 236, 270, 285, 287, 289, 322, 326, 327, 333, 372, 405, 412, 427, 440, 447, 449, 450, 451, 452, 461, 462, 464, 466, 467, 469, 470, 471, 473, 474, 475, 476, 479, 481, 483, 490, 517, 519, 575, 579, 580, 584, 585, 589, 590, 594, 597, 600, 603, 608, 668, 691, 748, 778, 779, 782, 783, 786, 787, 790, 795, 798, 801, 811, 836, 879, 882, 940, 941, 944, 945, 948, 949, 952, 955, 958, 961, 971, 978, 979, 980, 983, 985, 986, 987, 988, 989, 990, 993, 1001, 1004], "summary": {"covered_lines": 156, "num_statements": 163, "percent_covered": 95.70552147239263, "percent_covered_display": "96", "missing_lines": 7, "excluded_lines": 0, "percent_statements_covered": 95.70552147239263, "percent_statements_covered_display": "96"}, "missing_lines": [453, 454, 457, 458, 459, 465, 482], "excluded_lines": [], "start_line": 1}}}}, "totals": {"covered_lines": 431, "num_statements": 452, "percent_covered": 95.35398230088495, "percent_covered_display": "95", "missing_lines": 21, "excluded_lines": 0, "percent_statements_covered": 95.35398230088495, "percent_statements_covered_display": "95"}}